<?xml version="1.0" encoding="UTF-8"?>
<testng-results skipped="0" failed="0" ignored="0" total="1" passed="1">
  <reporter-output>
  </reporter-output>
  <suite name="Default suite" duration-ms="32601" started-at="2018-06-05T12:27:03Z" finished-at="2018-06-05T12:27:36Z">
    <groups>
    </groups>
    <test name="Default test" duration-ms="32601" started-at="2018-06-05T12:27:03Z" finished-at="2018-06-05T12:27:36Z">
      <class name="executionEngine.DriverScriptReflection">
        <test-method status="PASS" signature="main()[pri:0, instance:executionEngine.DriverScriptReflection@2145433b]" name="main" duration-ms="32578" started-at="2018-06-05T17:57:03Z" finished-at="2018-06-05T17:57:36Z">
          <reporter-output>
          </reporter-output>
        </test-method> <!-- main -->
      </class> <!-- executionEngine.DriverScriptReflection -->
    </test> <!-- Default test -->
  </suite> <!-- Default suite -->
</testng-results>
