<?xml version="1.0" encoding="UTF-8"?>
<testng-results skipped="0" failed="0" ignored="0" total="1" passed="1">
  <reporter-output>
  </reporter-output>
  <suite name="Suite" duration-ms="67" started-at="2018-06-05T12:26:44Z" finished-at="2018-06-05T12:26:44Z">
    <groups>
    </groups>
    <test name="Test" duration-ms="67" started-at="2018-06-05T12:26:44Z" finished-at="2018-06-05T12:26:44Z">
      <class name="executionEngine.DriverScriptReflection">
        <test-method status="PASS" signature="main()[pri:0, instance:executionEngine.DriverScriptReflection@70beb599]" name="main" duration-ms="54" started-at="2018-06-05T17:56:44Z" finished-at="2018-06-05T17:56:44Z">
          <reporter-output>
          </reporter-output>
        </test-method> <!-- main -->
      </class> <!-- executionEngine.DriverScriptReflection -->
    </test> <!-- Test -->
  </suite> <!-- Suite -->
</testng-results>
