<?xml version="1.0" encoding="UTF-8"?>
<testng-results skipped="0" failed="0" ignored="0" total="1" passed="1">
  <reporter-output>
  </reporter-output>
  <suite name="Suite" duration-ms="31988" started-at="2018-02-27T11:12:35Z" finished-at="2018-02-27T11:13:07Z">
    <groups>
    </groups>
    <test name="Test" duration-ms="31988" started-at="2018-02-27T11:12:35Z" finished-at="2018-02-27T11:13:07Z">
      <class name="executionEngine.DriverScriptReflection">
        <test-method status="PASS" signature="main()[pri:0, instance:executionEngine.DriverScriptReflection@2d127a61]" name="main" duration-ms="31975" started-at="2018-02-27T16:42:35Z" finished-at="2018-02-27T16:43:07Z">
          <reporter-output>
          </reporter-output>
        </test-method> <!-- main -->
      </class> <!-- executionEngine.DriverScriptReflection -->
    </test> <!-- Test -->
  </suite> <!-- Suite -->
</testng-results>
